[debug] [2018-10-24T14:19:51.130Z] ----------------------------------------------------------------------
[debug] [2018-10-24T14:19:51.133Z] Command:       C:\Program Files\nodejs\node.exe C:\Users\欣\AppData\Roaming\npm\node_modules\firebase-tools\bin\firebase serve
[debug] [2018-10-24T14:19:51.134Z] CLI Version:   5.1.1
[debug] [2018-10-24T14:19:51.134Z] Platform:      win32
[debug] [2018-10-24T14:19:51.134Z] Node Version:  v8.11.4
[debug] [2018-10-24T14:19:51.136Z] Time:          Wed Oct 24 2018 23:19:51 GMT+0900 (東京 (標準時))
[debug] [2018-10-24T14:19:51.136Z] ----------------------------------------------------------------------
[debug] 
[debug] [2018-10-24T14:19:51.155Z] > command requires scopes: ["email","openid","https://www.googleapis.com/auth/cloudplatformprojects.readonly","https://www.googleapis.com/auth/firebase","https://www.googleapis.com/auth/cloud-platform"]
[debug] [2018-10-24T14:19:51.155Z] > authorizing via signed-in user
[debug] [2018-10-24T14:19:51.156Z] [iam] checking project friendlychat3-3e536 for permissions ["firebase.projects.get"]
[debug] [2018-10-24T14:19:51.158Z] >>> HTTP REQUEST POST https://cloudresourcemanager.googleapis.com/v1/projects/friendlychat3-3e536:testIamPermissions  

[debug] [2018-10-24T14:19:53.331Z] <<< HTTP RESPONSE 200
[debug] [2018-10-24T14:19:53.333Z] >>> HTTP REQUEST GET https://cloudresourcemanager.googleapis.com/v1/projects/friendlychat3-3e536  
 
[debug] [2018-10-24T14:19:54.931Z] <<< HTTP RESPONSE 200
[info] 
[info] === Serving from 'C:\Users\欣\Desktop\100 websites\friendlychat-web\web-start'...
[info] 
[info] i  functions: Preparing to emulate functions.
[debug] [2018-10-24T14:19:56.539Z] Fetching environment
[debug] [2018-10-24T14:19:56.547Z] >>> HTTP REQUEST GET https://mobilesdk-pa.googleapis.com/v1/projects/90815847876:getServerAppConfig  
 
[debug] [2018-10-24T14:19:56.548Z] >>> HTTP REQUEST GET https://mobilesdk-pa.googleapis.com/v1/projects/90815847876/clients/_:getWebAppConfig  
 
[debug] [2018-10-24T14:19:58.172Z] <<< HTTP RESPONSE 200
[debug] [2018-10-24T14:19:58.172Z] Starting @google-cloud/functions-emulator
[debug] [2018-10-24T14:19:58.333Z] <<< HTTP RESPONSE 200
[info] i  hosting: Serving hosting files from: ./
[info] +  hosting: Local server: http://localhost:5000
[debug] [2018-10-24T14:20:00.884Z] Parsing function triggers
[info] i  functions: No HTTPS functions found. Use firebase functions:shell if you would like to emulate other types of functions.
